Using pre-set license
Built from '2020.3/staging' branch; Version is '2020.3.17f1 (a4537701e4ab) revision 10769271'; Using compiler version '192528614'; Build Type 'Release'
OS: 'Windows 10 Pro; OS build 19042.1586; Version 2009; 64bit' Language: 'en' Physical Memory: 24532 MB
BatchMode: 1, IsHumanControllingUs: 0, StartBugReporterOnCrash: 0, Is64bit: 1, IsPro: 0

COMMAND LINE ARGUMENTS:
C:\Program Files\Unity\Hub\Editor\2020.3.17f1\Editor\Unity.exe
-adb2
-batchMode
-noUpm
-name
AssetImportWorker0
-projectPath
C:/Users/mehra/OneDrive/Desktop/T163/Azizam/Endless-Zombie-Shooter
-logFile
Logs/AssetImportWorker0.log
-srvPort
52669
Successfully changed project path to: C:/Users/mehra/OneDrive/Desktop/T163/Azizam/Endless-Zombie-Shooter
C:/Users/mehra/OneDrive/Desktop/T163/Azizam/Endless-Zombie-Shooter
Using Asset Import Pipeline V2.
Refreshing native plugins compatible for Editor in 53.08 ms, found 2 plugins.
Preloading 0 native plugins for Editor in 0.00 ms.
Initialize engine version: 2020.3.17f1 (a4537701e4ab)
[Subsystems] Discovering subsystems at path C:/Program Files/Unity/Hub/Editor/2020.3.17f1/Editor/Data/Resources/UnitySubsystems
[Subsystems] Discovering subsystems at path C:/Users/mehra/OneDrive/Desktop/T163/Azizam/Endless-Zombie-Shooter/Assets
GfxDevice: creating device client; threaded=0
Direct3D:
    Version:  Direct3D 11.0 [level 11.1]
    Renderer: NVIDIA GeForce GTX 1060 (ID=0x1c20)
    Vendor:   
    VRAM:     6052 MB
    Driver:   27.21.14.5167
Initialize mono
Mono path[0] = 'C:/Program Files/Unity/Hub/Editor/2020.3.17f1/Editor/Data/Managed'
Mono path[1] = 'C:/Program Files/Unity/Hub/Editor/2020.3.17f1/Editor/Data/MonoBleedingEdge/lib/mono/unityjit'
Mono config path = 'C:/Program Files/Unity/Hub/Editor/2020.3.17f1/Editor/Data/MonoBleedingEdge/etc'
Using monoOptions --debugger-agent=transport=dt_socket,embedding=1,server=y,suspend=n,address=127.0.0.1:56668
Begin MonoManager ReloadAssembly
Registering precompiled unity dll's ...
Register platform support module: C:/Program Files/Unity/Hub/Editor/2020.3.17f1/Editor/Data/PlaybackEngines/WindowsStandaloneSupport/UnityEditor.WindowsStandalone.Extensions.dll
Registered in 0.002628 seconds.
Native extension for WindowsStandalone target not found
Refreshing native plugins compatible for Editor in 56.96 ms, found 2 plugins.
Preloading 0 native plugins for Editor in 0.00 ms.
Mono: successfully reloaded assembly
- Completed reload, in  1.354 seconds
Domain Reload Profiling:
	ReloadAssembly (1354ms)
		BeginReloadAssembly (59ms)
			ExecutionOrderSort (0ms)
			DisableScriptedObjects (0ms)
			BackupInstance (0ms)
			ReleaseScriptingObjects (0ms)
			CreateAndSetChildDomain (1ms)
		EndReloadAssembly (526ms)
			LoadAssemblies (56ms)
			RebuildTransferFunctionScriptingTraits (0ms)
			SetupTypeCache (205ms)
			ReleaseScriptCaches (0ms)
			RebuildScriptCaches (36ms)
			SetupLoadedEditorAssemblies (202ms)
				LogAssemblyErrors (0ms)
				InitializePlatformSupportModulesInManaged (4ms)
				SetLoadedEditorAssemblies (0ms)
				RefreshPlugins (57ms)
				BeforeProcessingInitializeOnLoad (19ms)
				ProcessInitializeOnLoadAttributes (90ms)
				ProcessInitializeOnLoadMethodAttributes (31ms)
				AfterProcessingInitializeOnLoad (0ms)
				EditorAssembliesLoaded (0ms)
			ExecutionOrderSort2 (0ms)
			AwakeInstancesAfterBackupRestoration (0ms)
Platform modules already initialized, skipping
Registering precompiled user dll's ...
Registered in 0.004970 seconds.
Begin MonoManager ReloadAssembly
Native extension for WindowsStandalone target not found
Refreshing native plugins compatible for Editor in 74.79 ms, found 2 plugins.
Preloading 0 native plugins for Editor in 0.00 ms.
Mono: successfully reloaded assembly
- Completed reload, in  1.562 seconds
Domain Reload Profiling:
	ReloadAssembly (1563ms)
		BeginReloadAssembly (179ms)
			ExecutionOrderSort (0ms)
			DisableScriptedObjects (5ms)
			BackupInstance (0ms)
			ReleaseScriptingObjects (0ms)
			CreateAndSetChildDomain (23ms)
		EndReloadAssembly (1303ms)
			LoadAssemblies (122ms)
			RebuildTransferFunctionScriptingTraits (0ms)
			SetupTypeCache (434ms)
			ReleaseScriptCaches (0ms)
			RebuildScriptCaches (57ms)
			SetupLoadedEditorAssemblies (551ms)
				LogAssemblyErrors (0ms)
				InitializePlatformSupportModulesInManaged (6ms)
				SetLoadedEditorAssemblies (0ms)
				RefreshPlugins (75ms)
				BeforeProcessingInitializeOnLoad (92ms)
				ProcessInitializeOnLoadAttributes (366ms)
				ProcessInitializeOnLoadMethodAttributes (4ms)
				AfterProcessingInitializeOnLoad (8ms)
				EditorAssembliesLoaded (0ms)
			ExecutionOrderSort2 (0ms)
			AwakeInstancesAfterBackupRestoration (7ms)
Platform modules already initialized, skipping
========================================================================
Worker process is ready to serve import requests
Launched and connected shader compiler UnityShaderCompiler.exe after 0.09 seconds
Refreshing native plugins compatible for Editor in 0.90 ms, found 2 plugins.
Preloading 0 native plugins for Editor in 0.00 ms.
Unloading 2261 Unused Serialized files (Serialized files now loaded: 0)
System memory in use before: 102.7 MB.
System memory in use after: 102.8 MB.

Unloading 22 unused Assets to reduce memory usage. Loaded Objects now: 2701.
Total: 4.892800 ms (FindLiveObjects: 0.252300 ms CreateObjectMapping: 0.206800 ms MarkObjects: 4.310400 ms  DeleteObjects: 0.121700 ms)

AssetImportParameters requested are different than current active one (requested -> active):
  custom:framework-win-MediaFoundation: 216162199b28c13a410421893ffa2e32 -> 
  custom:video-decoder-ogg-theora: a1e56fd34408186e4bbccfd4996cb3dc -> 
  custom:container-muxer-webm: aa71ff27fc2769a1b78a27578f13a17b -> 
  custom:container-demuxer-webm: 4f35f7cbe854078d1ac9338744f61a02 -> 
  custom:container-demuxer-ogg: 62fdf1f143b41e24485cea50d1cbac27 -> 
  custom:video-encoder-webm-vp8: eb34c28f22e8b96e1ab97ce403110664 -> 
  custom:video-decoder-webm-vp8: 9c59270c3fd7afecdb556c50c9e8de78 -> 
  custom:audio-decoder-ogg-vorbis: bf7c407c2cedff20999df2af8eb42d56 -> 
  custom:audio-encoder-webm-vorbis: bf7c407c2cedff20999df2af8eb42d56 -> 
========================================================================
Received Import Request.
  path: Assets/Scripts/ItemPickupComponent.cs
  artifactKey: Guid(edd32ebdb3e6cb84bac1362fa634dbe1) Importer(815301076,1909f56bfc062723c751e8b465ee728b)
Start importing Assets/Scripts/ItemPickupComponent.cs using Guid(edd32ebdb3e6cb84bac1362fa634dbe1) Importer(815301076,1909f56bfc062723c751e8b465ee728b)  -> (artifact id: '29590ef76a7983891c5e9e79abf785ef') in 0.060770 seconds 
  Import took 0.065115 seconds .

========================================================================
Received Import Request.
  Time since last request: 19.816739 seconds.
  path: Assets/Scripts/ItemPickupComponent.cs
  artifactKey: Guid(edd32ebdb3e6cb84bac1362fa634dbe1) Importer(815301076,1909f56bfc062723c751e8b465ee728b)
Start importing Assets/Scripts/ItemPickupComponent.cs using Guid(edd32ebdb3e6cb84bac1362fa634dbe1) Importer(815301076,1909f56bfc062723c751e8b465ee728b)  -> (artifact id: '4b9623e30e3da5d042555293a7dd7c3b') in 0.004117 seconds 
  Import took 0.008460 seconds .

========================================================================
Received Import Request.
  Time since last request: 0.001038 seconds.
  path: Assets/Scripts/ItemPickupComponent.cs
  artifactKey: Guid(edd32ebdb3e6cb84bac1362fa634dbe1) Importer(815301076,1909f56bfc062723c751e8b465ee728b)
Start importing Assets/Scripts/ItemPickupComponent.cs using Guid(edd32ebdb3e6cb84bac1362fa634dbe1) Importer(815301076,1909f56bfc062723c751e8b465ee728b)  -> (artifact id: '4b9623e30e3da5d042555293a7dd7c3b') in 0.004213 seconds 
  Import took 0.009303 seconds .

========================================================================
Received Prepare
Registering precompiled user dll's ...
Registered in 0.007014 seconds.
Begin MonoManager ReloadAssembly
Native extension for WindowsStandalone target not found
Refreshing native plugins compatible for Editor in 0.82 ms, found 2 plugins.
Preloading 0 native plugins for Editor in 0.00 ms.
Mono: successfully reloaded assembly
- Completed reload, in  1.469 seconds
Domain Reload Profiling:
	ReloadAssembly (1469ms)
		BeginReloadAssembly (188ms)
			ExecutionOrderSort (0ms)
			DisableScriptedObjects (7ms)
			BackupInstance (0ms)
			ReleaseScriptingObjects (0ms)
			CreateAndSetChildDomain (54ms)
		EndReloadAssembly (1179ms)
			LoadAssemblies (122ms)
			RebuildTransferFunctionScriptingTraits (0ms)
			SetupTypeCache (422ms)
			ReleaseScriptCaches (1ms)
			RebuildScriptCaches (44ms)
			SetupLoadedEditorAssemblies (475ms)
				LogAssemblyErrors (0ms)
				InitializePlatformSupportModulesInManaged (7ms)
				SetLoadedEditorAssemblies (1ms)
				RefreshPlugins (1ms)
				BeforeProcessingInitializeOnLoad (88ms)
				ProcessInitializeOnLoadAttributes (363ms)
				ProcessInitializeOnLoadMethodAttributes (5ms)
				AfterProcessingInitializeOnLoad (9ms)
				EditorAssembliesLoaded (0ms)
			ExecutionOrderSort2 (0ms)
			AwakeInstancesAfterBackupRestoration (8ms)
Platform modules already initialized, skipping
Refreshing native plugins compatible for Editor in 0.56 ms, found 2 plugins.
Preloading 0 native plugins for Editor in 0.00 ms.
Unloading 2214 Unused Serialized files (Serialized files now loaded: 0)
System memory in use before: 98.8 MB.
System memory in use after: 98.8 MB.

Unloading 15 unused Assets to reduce memory usage. Loaded Objects now: 2703.
Total: 4.008700 ms (FindLiveObjects: 0.219500 ms CreateObjectMapping: 0.163400 ms MarkObjects: 3.503900 ms  DeleteObjects: 0.120700 ms)

AssetImportParameters requested are different than current active one (requested -> active):
  custom:framework-win-MediaFoundation: 216162199b28c13a410421893ffa2e32 -> 
  custom:video-decoder-ogg-theora: a1e56fd34408186e4bbccfd4996cb3dc -> 
  custom:container-muxer-webm: aa71ff27fc2769a1b78a27578f13a17b -> 
  custom:container-demuxer-webm: 4f35f7cbe854078d1ac9338744f61a02 -> 
  custom:container-demuxer-ogg: 62fdf1f143b41e24485cea50d1cbac27 -> 
  custom:video-encoder-webm-vp8: eb34c28f22e8b96e1ab97ce403110664 -> 
  custom:video-decoder-webm-vp8: 9c59270c3fd7afecdb556c50c9e8de78 -> 
  custom:audio-decoder-ogg-vorbis: bf7c407c2cedff20999df2af8eb42d56 -> 
  custom:audio-encoder-webm-vorbis: bf7c407c2cedff20999df2af8eb42d56 -> 
========================================================================
Received Import Request.
  Time since last request: 150.448765 seconds.
  path: Assets/Scripts/Scriptable Objects/AK-47.asset
  artifactKey: Guid(0737576806bd53b49b5b13573ba4702c) Importer(815301076,1909f56bfc062723c751e8b465ee728b)
Start importing Assets/Scripts/Scriptable Objects/AK-47.asset using Guid(0737576806bd53b49b5b13573ba4702c) Importer(815301076,1909f56bfc062723c751e8b465ee728b)  -> (artifact id: 'b3f469ac70eb581205ef9dbb9ece0853') in 0.051337 seconds 
  Import took 0.059802 seconds .

========================================================================
Received Import Request.
  Time since last request: 0.000307 seconds.
  path: Assets/Simple Street Props/Models/Speed breaker 1.fbx
  artifactKey: Guid(16b6d60dc4d29d14f9d7067eadff99f0) Importer(815301076,1909f56bfc062723c751e8b465ee728b)
Start importing Assets/Simple Street Props/Models/Speed breaker 1.fbx using Guid(16b6d60dc4d29d14f9d7067eadff99f0) Importer(815301076,1909f56bfc062723c751e8b465ee728b)  -> (artifact id: '89c2aa954da607d4f142dd1cd689225b') in 0.177223 seconds 
  Import took 0.180892 seconds .

========================================================================
Received Import Request.
  Time since last request: 0.000307 seconds.
  path: Assets/Simple Street Props/Prefabs/Speed breaker 1.prefab
  artifactKey: Guid(8dada62f6c40e7b4ab914ead532c812c) Importer(815301076,1909f56bfc062723c751e8b465ee728b)
Start importing Assets/Simple Street Props/Prefabs/Speed breaker 1.prefab using Guid(8dada62f6c40e7b4ab914ead532c812c) Importer(815301076,1909f56bfc062723c751e8b465ee728b)  -> (artifact id: 'dfa8a647833cbe7bbed2a9fac4c48dd6') in 0.023702 seconds 
  Import took 0.027615 seconds .

========================================================================
Received Import Request.
  Time since last request: 0.000272 seconds.
  path: Assets/Simple Street Props/Prefabs/Speed breaker 2.prefab
  artifactKey: Guid(786214b195fe4e449ae052792a91b42f) Importer(815301076,1909f56bfc062723c751e8b465ee728b)
Start importing Assets/Simple Street Props/Prefabs/Speed breaker 2.prefab using Guid(786214b195fe4e449ae052792a91b42f) Importer(815301076,1909f56bfc062723c751e8b465ee728b)  -> (artifact id: 'c2d07cc3923e63f719bfba9ee790f544') in 0.025106 seconds 
  Import took 0.030203 seconds .

========================================================================
Received Import Request.
  Time since last request: 0.000278 seconds.
  path: Assets/ZRNAssets/005030_06196_1_1/Materials/s_saku001_Koukyou_0000_TransP.mat
  artifactKey: Guid(c040e4cc3abc45f4ca34c355f01a8b6a) Importer(815301076,1909f56bfc062723c751e8b465ee728b)
Start importing Assets/ZRNAssets/005030_06196_1_1/Materials/s_saku001_Koukyou_0000_TransP.mat using Guid(c040e4cc3abc45f4ca34c355f01a8b6a) Importer(815301076,1909f56bfc062723c751e8b465ee728b)  -> (artifact id: '9a1df5e578c371d82d311013b907fc11') in 0.158032 seconds 
  Import took 0.162030 seconds .

========================================================================
Received Import Request.
  Time since last request: 0.000235 seconds.
  path: Assets/Simple Street Props/Materials/Speed breaker 1_color.mat
  artifactKey: Guid(277e8e4212c1f46438a16cb8a1eea197) Importer(815301076,1909f56bfc062723c751e8b465ee728b)
Start importing Assets/Simple Street Props/Materials/Speed breaker 1_color.mat using Guid(277e8e4212c1f46438a16cb8a1eea197) Importer(815301076,1909f56bfc062723c751e8b465ee728b)  -> (artifact id: 'f3d6f2eca7a06e31cb44eeb9d5210f0b') in 0.022900 seconds 
  Import took 0.027241 seconds .

========================================================================
Received Import Request.
  Time since last request: 0.000279 seconds.
  path: Assets/ZRNAssets/005030_06196_1_1/Textures/s_saku001_Ryokuchi_0000_TransP.png
  artifactKey: Guid(e507f8f663a518f42ab25bc8fe40c6f5) Importer(815301076,1909f56bfc062723c751e8b465ee728b)
Start importing Assets/ZRNAssets/005030_06196_1_1/Textures/s_saku001_Ryokuchi_0000_TransP.png using Guid(e507f8f663a518f42ab25bc8fe40c6f5) Importer(815301076,1909f56bfc062723c751e8b465ee728b)  -> (artifact id: '9a42088b30b2c183981e8562ba30e9e2') in 0.037446 seconds 
  Import took 0.042089 seconds .

========================================================================
Received Import Request.
  Time since last request: 0.000253 seconds.
  path: Assets/Simple Street Props/Textures/Speed breaker 2_normal.png
  artifactKey: Guid(71e1becea6bc2644f99c8e88119780a0) Importer(815301076,1909f56bfc062723c751e8b465ee728b)
Start importing Assets/Simple Street Props/Textures/Speed breaker 2_normal.png using Guid(71e1becea6bc2644f99c8e88119780a0) Importer(815301076,1909f56bfc062723c751e8b465ee728b)  -> (artifact id: 'ca92a47ea3d5ac5db55bb1d8a3c82312') in 0.020798 seconds 
  Import took 0.025943 seconds .

========================================================================
Received Import Request.
  Time since last request: 0.000194 seconds.
  path: Assets/ZRNAssets/PQAssets/Query-Chan-SD/Fukuoka_Props/Dashi/Prefabs/Dashi_Dontaku_ver.prefab
  artifactKey: Guid(e2e2fbdb1850db7409de68d99f235a0b) Importer(815301076,1909f56bfc062723c751e8b465ee728b)
Start importing Assets/ZRNAssets/PQAssets/Query-Chan-SD/Fukuoka_Props/Dashi/Prefabs/Dashi_Dontaku_ver.prefab using Guid(e2e2fbdb1850db7409de68d99f235a0b) Importer(815301076,1909f56bfc062723c751e8b465ee728b)  -> (artifact id: 'a6804836fe1d3651cd748e6167392bf4') in 0.062045 seconds 
  Import took 0.067259 seconds .

========================================================================
Received Import Request.
  Time since last request: 0.000257 seconds.
  path: Assets/ZRNAssets/005030_06196_1_1/Textures/s_saku001_Sonota_0000_TransP.png
  artifactKey: Guid(004cd55ed66d8b04dbcbda5fce83b0b2) Importer(815301076,1909f56bfc062723c751e8b465ee728b)
Start importing Assets/ZRNAssets/005030_06196_1_1/Textures/s_saku001_Sonota_0000_TransP.png using Guid(004cd55ed66d8b04dbcbda5fce83b0b2) Importer(815301076,1909f56bfc062723c751e8b465ee728b)  -> (artifact id: '4745906db56d236ff8b04b60b893f69d') in 0.013943 seconds 
  Import took 0.018505 seconds .

========================================================================
Received Import Request.
  Time since last request: 0.000338 seconds.
  path: Assets/ZRNAssets/PQAssets/Query-Chan-SD/Fukuoka_Props/Dashi/Prefabs/Dashi_Dontaku_ver.prefab
  artifactKey: Guid(e2e2fbdb1850db7409de68d99f235a0b) Importer(815301076,1909f56bfc062723c751e8b465ee728b)
Start importing Assets/ZRNAssets/PQAssets/Query-Chan-SD/Fukuoka_Props/Dashi/Prefabs/Dashi_Dontaku_ver.prefab using Guid(e2e2fbdb1850db7409de68d99f235a0b) Importer(815301076,1909f56bfc062723c751e8b465ee728b)  -> (artifact id: 'a6804836fe1d3651cd748e6167392bf4') in 0.021406 seconds 
  Import took 0.025988 seconds .

========================================================================
Received Import Request.
  Time since last request: 0.000205 seconds.
  path: Assets/Simple Street Props/Textures/Speed breaker 1_roughness.png
  artifactKey: Guid(c19f64bf4f124b448bb4680b7867bda0) Importer(815301076,1909f56bfc062723c751e8b465ee728b)
Start importing Assets/Simple Street Props/Textures/Speed breaker 1_roughness.png using Guid(c19f64bf4f124b448bb4680b7867bda0) Importer(815301076,1909f56bfc062723c751e8b465ee728b)  -> (artifact id: 'b9adf51598d0f61ce5673d00223088ad') in 0.015975 seconds 
  Import took 0.020361 seconds .

========================================================================
Received Import Request.
  Time since last request: 0.000238 seconds.
  path: Assets/Simple Street Props/Textures/Speed breaker 2_roughness.png
  artifactKey: Guid(8f1b1210de1522140bb9ea47fe3ea5f4) Importer(815301076,1909f56bfc062723c751e8b465ee728b)
Start importing Assets/Simple Street Props/Textures/Speed breaker 2_roughness.png using Guid(8f1b1210de1522140bb9ea47fe3ea5f4) Importer(815301076,1909f56bfc062723c751e8b465ee728b)  -> (artifact id: '152085a17e6992d1887ef2103a556360') in 0.018978 seconds 
  Import took 0.023579 seconds .

========================================================================
Received Import Request.
  Time since last request: 0.000295 seconds.
  path: Assets/Simple Street Props/Textures/Speed breaker 2_metallic.png
  artifactKey: Guid(19ad86f24e9d5784ebf49f37a6349f9e) Importer(815301076,1909f56bfc062723c751e8b465ee728b)
Start importing Assets/Simple Street Props/Textures/Speed breaker 2_metallic.png using Guid(19ad86f24e9d5784ebf49f37a6349f9e) Importer(815301076,1909f56bfc062723c751e8b465ee728b)  -> (artifact id: '7dfa5c47a48c1aa7734314c511db191a') in 0.016258 seconds 
  Import took 0.020595 seconds .

========================================================================
Received Import Request.
  Time since last request: 0.000239 seconds.
  path: Assets/Simple Street Props/Textures/Speed breaker 1_color.png
  artifactKey: Guid(3f266c60c19a699458e5d2972ca5c30e) Importer(815301076,1909f56bfc062723c751e8b465ee728b)
Start importing Assets/Simple Street Props/Textures/Speed breaker 1_color.png using Guid(3f266c60c19a699458e5d2972ca5c30e) Importer(815301076,1909f56bfc062723c751e8b465ee728b)  -> (artifact id: 'd46855669a12ca9d9df5257bb64d22cb') in 0.016868 seconds 
  Import took 0.020886 seconds .

========================================================================
Received Import Request.
  Time since last request: 0.000243 seconds.
  path: Assets/ZRNAssets/PQAssets/Query-Chan-SD/Fukuoka_Props/Dashi/Materials/mat_dashi_Dontaku.mat
  artifactKey: Guid(81e8535f11354bc4b8eba2c22008a507) Importer(815301076,1909f56bfc062723c751e8b465ee728b)
Start importing Assets/ZRNAssets/PQAssets/Query-Chan-SD/Fukuoka_Props/Dashi/Materials/mat_dashi_Dontaku.mat using Guid(81e8535f11354bc4b8eba2c22008a507) Importer(815301076,1909f56bfc062723c751e8b465ee728b)  -> (artifact id: 'b233ab50abe93f7eb0e57b12b4d4c60c') in 0.018633 seconds 
  Import took 0.022487 seconds .

========================================================================
Received Import Request.
  Time since last request: 0.000293 seconds.
  path: Assets/Simple Street Props/Textures/Speed breaker 1_normal.png
  artifactKey: Guid(8eec09deb4a4ad5409d5cab9f521ec97) Importer(815301076,1909f56bfc062723c751e8b465ee728b)
Start importing Assets/Simple Street Props/Textures/Speed breaker 1_normal.png using Guid(8eec09deb4a4ad5409d5cab9f521ec97) Importer(815301076,1909f56bfc062723c751e8b465ee728b)  -> (artifact id: '6b81e195a7da57fefc753a5dd33240f9') in 0.020363 seconds 
  Import took 0.025150 seconds .

========================================================================
Received Import Request.
  Time since last request: 0.000213 seconds.
  path: Assets/Simple Street Props/Textures/Speed breaker 1_metallic.png
  artifactKey: Guid(4b6992bb37de21e4383984ec1ef9c435) Importer(815301076,1909f56bfc062723c751e8b465ee728b)
Start importing Assets/Simple Street Props/Textures/Speed breaker 1_metallic.png using Guid(4b6992bb37de21e4383984ec1ef9c435) Importer(815301076,1909f56bfc062723c751e8b465ee728b)  -> (artifact id: '1400b91b17c6bbff8f7c25da0212b9dc') in 0.015449 seconds 
  Import took 0.019808 seconds .

========================================================================
Received Import Request.
  Time since last request: 0.000251 seconds.
  path: Assets/ZRNAssets/PQAssets/Query-Chan-SD/Fukuoka_Props/Human/Prefabs/Dontakus_Male.prefab
  artifactKey: Guid(642f48b83c42148c887ae96573222691) Importer(815301076,1909f56bfc062723c751e8b465ee728b)
Start importing Assets/ZRNAssets/PQAssets/Query-Chan-SD/Fukuoka_Props/Human/Prefabs/Dontakus_Male.prefab using Guid(642f48b83c42148c887ae96573222691) Importer(815301076,1909f56bfc062723c751e8b465ee728b)  -> (artifact id: '75525892cfcb56e34902b27563bbced3') in 0.058402 seconds 
  Import took 0.062462 seconds .

========================================================================
Received Import Request.
  Time since last request: 0.000275 seconds.
  path: Assets/Simple Street Props/Textures/Speed breaker 2_specular.png
  artifactKey: Guid(9aff6142443b0f749b4bbffc26c72072) Importer(815301076,1909f56bfc062723c751e8b465ee728b)
Start importing Assets/Simple Street Props/Textures/Speed breaker 2_specular.png using Guid(9aff6142443b0f749b4bbffc26c72072) Importer(815301076,1909f56bfc062723c751e8b465ee728b)  -> (artifact id: 'e93d73069500fdd732f9e30614fe40c1') in 0.016331 seconds 
  Import took 0.020514 seconds .

========================================================================
Received Import Request.
  Time since last request: 0.000273 seconds.
  path: Assets/Geopipe/Pack01/NYBlock01/Textures/entity-models_sourcelowres_oaktree.png
  artifactKey: Guid(0bfc2d8e8f8c8994b96c973190b81a12) Importer(815301076,1909f56bfc062723c751e8b465ee728b)
Start importing Assets/Geopipe/Pack01/NYBlock01/Textures/entity-models_sourcelowres_oaktree.png using Guid(0bfc2d8e8f8c8994b96c973190b81a12) Importer(815301076,1909f56bfc062723c751e8b465ee728b)  -> (artifact id: '0c34419b6c564f1616014bced4b04d08') in 0.015830 seconds 
  Import took 0.020782 seconds .

========================================================================
Received Import Request.
  Time since last request: 0.000275 seconds.
  path: Assets/Geopipe/Pack01/NYBlock01/Models/NYBlock01.fbx
  artifactKey: Guid(d83e12d2b1794e3409e9a5a963c77d84) Importer(815301076,1909f56bfc062723c751e8b465ee728b)
Start importing Assets/Geopipe/Pack01/NYBlock01/Models/NYBlock01.fbx using Guid(d83e12d2b1794e3409e9a5a963c77d84) Importer(815301076,1909f56bfc062723c751e8b465ee728b)  -> (artifact id: '7ebc76b5f326bfe5c3ae0794712a4312') in 24.318889 seconds 
  Import took 24.450128 seconds .

========================================================================
Received Import Request.
  Time since last request: 0.000413 seconds.
  path: Assets/ZRNAssets/005030_06196_1_1/Textures/s_saku001_Koukyou_0000_TransP.png
  artifactKey: Guid(7d20300be15cca444aca1d11d8eb05b7) Importer(815301076,1909f56bfc062723c751e8b465ee728b)
Start importing Assets/ZRNAssets/005030_06196_1_1/Textures/s_saku001_Koukyou_0000_TransP.png using Guid(7d20300be15cca444aca1d11d8eb05b7) Importer(815301076,1909f56bfc062723c751e8b465ee728b)  -> (artifact id: '67511c136910335ce97b2c297bee7055') in 0.029944 seconds 
  Import took 0.034954 seconds .

========================================================================
Received Import Request.
  Time since last request: 0.000273 seconds.
  path: Assets/Simple Street Props/Textures/Speed breaker 1_specular.png
  artifactKey: Guid(57f91bf9be837654b85ca02f2079e1e7) Importer(815301076,1909f56bfc062723c751e8b465ee728b)
Start importing Assets/Simple Street Props/Textures/Speed breaker 1_specular.png using Guid(57f91bf9be837654b85ca02f2079e1e7) Importer(815301076,1909f56bfc062723c751e8b465ee728b)  -> (artifact id: '57a1ff86cfe2301bbddc1a834c149406') in 0.015992 seconds 
  Import took 0.019767 seconds .

========================================================================
Received Import Request.
  Time since last request: 0.000187 seconds.
  path: Assets/Simple Street Props/Materials/Speed breaker 2_color.mat
  artifactKey: Guid(dfc83b6f3ea8b0c498879746af34add0) Importer(815301076,1909f56bfc062723c751e8b465ee728b)
Start importing Assets/Simple Street Props/Materials/Speed breaker 2_color.mat using Guid(dfc83b6f3ea8b0c498879746af34add0) Importer(815301076,1909f56bfc062723c751e8b465ee728b)  -> (artifact id: '2aefc299adbc9382362c0bf84cf9b015') in 0.018953 seconds 
  Import took 0.022999 seconds .

========================================================================
Received Import Request.
  Time since last request: 0.000254 seconds.
  path: Assets/Simple Street Props/Textures/Speed breaker 2_color.png
  artifactKey: Guid(64fd6307248449e4dbae7bcd86c9e3ff) Importer(815301076,1909f56bfc062723c751e8b465ee728b)
Start importing Assets/Simple Street Props/Textures/Speed breaker 2_color.png using Guid(64fd6307248449e4dbae7bcd86c9e3ff) Importer(815301076,1909f56bfc062723c751e8b465ee728b)  -> (artifact id: '316caa6da59dcd83c010945da01d7459') in 0.017694 seconds 
  Import took 0.021591 seconds .

========================================================================
Received Import Request.
  Time since last request: 0.000256 seconds.
  path: Assets/ZRNAssets/PQAssets/Query-Chan-SD/Fukuoka_Props/Human/Prefabs/Dontakus_Female.prefab
  artifactKey: Guid(dd0368f7be2d04af9a6522c348fa316c) Importer(815301076,1909f56bfc062723c751e8b465ee728b)
Start importing Assets/ZRNAssets/PQAssets/Query-Chan-SD/Fukuoka_Props/Human/Prefabs/Dontakus_Female.prefab using Guid(dd0368f7be2d04af9a6522c348fa316c) Importer(815301076,1909f56bfc062723c751e8b465ee728b)  -> (artifact id: '68733cdb79651b621961a1c064f7c374') in 0.017858 seconds 
  Import took 0.023202 seconds .

========================================================================
Received Import Request.
  Time since last request: 0.000278 seconds.
  path: Assets/Simple Street Props/Models/Speed breaker 2.fbx
  artifactKey: Guid(800263f08ae873843bae564a61bed5ae) Importer(815301076,1909f56bfc062723c751e8b465ee728b)
Start importing Assets/Simple Street Props/Models/Speed breaker 2.fbx using Guid(800263f08ae873843bae564a61bed5ae) Importer(815301076,1909f56bfc062723c751e8b465ee728b)  -> (artifact id: '358c9fee99af73cced5f937a5e8ad926') in 0.027931 seconds 
  Import took 0.032171 seconds .

========================================================================
Received Prepare
Registering precompiled user dll's ...
Registered in 0.004557 seconds.
Begin MonoManager ReloadAssembly
Native extension for WindowsStandalone target not found
Refreshing native plugins compatible for Editor in 0.52 ms, found 2 plugins.
Preloading 0 native plugins for Editor in 0.00 ms.
Mono: successfully reloaded assembly
- Completed reload, in  1.279 seconds
Domain Reload Profiling:
	ReloadAssembly (1279ms)
		BeginReloadAssembly (235ms)
			ExecutionOrderSort (0ms)
			DisableScriptedObjects (5ms)
			BackupInstance (0ms)
			ReleaseScriptingObjects (0ms)
			CreateAndSetChildDomain (77ms)
		EndReloadAssembly (978ms)
			LoadAssemblies (155ms)
			RebuildTransferFunctionScriptingTraits (0ms)
			SetupTypeCache (302ms)
			ReleaseScriptCaches (1ms)
			RebuildScriptCaches (43ms)
			SetupLoadedEditorAssemblies (428ms)
				LogAssemblyErrors (0ms)
				InitializePlatformSupportModulesInManaged (4ms)
				SetLoadedEditorAssemblies (0ms)
				RefreshPlugins (1ms)
				BeforeProcessingInitializeOnLoad (85ms)
				ProcessInitializeOnLoadAttributes (326ms)
				ProcessInitializeOnLoadMethodAttributes (4ms)
				AfterProcessingInitializeOnLoad (7ms)
				EditorAssembliesLoaded (0ms)
			ExecutionOrderSort2 (0ms)
			AwakeInstancesAfterBackupRestoration (7ms)
Platform modules already initialized, skipping
Refreshing native plugins compatible for Editor in 0.55 ms, found 2 plugins.
Preloading 0 native plugins for Editor in 0.00 ms.
Unloading 2214 Unused Serialized files (Serialized files now loaded: 0)
System memory in use before: 125.2 MB.
System memory in use after: 125.3 MB.

Unloading 15 unused Assets to reduce memory usage. Loaded Objects now: 2754.
Total: 3.913000 ms (FindLiveObjects: 0.267300 ms CreateObjectMapping: 0.133800 ms MarkObjects: 3.393800 ms  DeleteObjects: 0.116900 ms)

AssetImportParameters requested are different than current active one (requested -> active):
  custom:framework-win-MediaFoundation: 216162199b28c13a410421893ffa2e32 -> 
  custom:video-decoder-ogg-theora: a1e56fd34408186e4bbccfd4996cb3dc -> 
  custom:container-muxer-webm: aa71ff27fc2769a1b78a27578f13a17b -> 
  custom:container-demuxer-webm: 4f35f7cbe854078d1ac9338744f61a02 -> 
  custom:container-demuxer-ogg: 62fdf1f143b41e24485cea50d1cbac27 -> 
  custom:video-encoder-webm-vp8: eb34c28f22e8b96e1ab97ce403110664 -> 
  custom:video-decoder-webm-vp8: 9c59270c3fd7afecdb556c50c9e8de78 -> 
  custom:audio-decoder-ogg-vorbis: bf7c407c2cedff20999df2af8eb42d56 -> 
  custom:audio-encoder-webm-vorbis: bf7c407c2cedff20999df2af8eb42d56 -> 
========================================================================
Received Import Request.
  Time since last request: 34.542098 seconds.
  path: Assets/Prefabs/BigWall.prefab
  artifactKey: Guid(81bee3a00c05da3449ac35a45cdef5bc) Importer(815301076,1909f56bfc062723c751e8b465ee728b)
Start importing Assets/Prefabs/BigWall.prefab using Guid(81bee3a00c05da3449ac35a45cdef5bc) Importer(815301076,1909f56bfc062723c751e8b465ee728b)  -> (artifact id: '2e3aed4e52acf1d6b3dcc4db325cd3f5') in 0.177529 seconds 
  Import took 0.183441 seconds .

========================================================================
Received Import Request.
  Time since last request: 0.000373 seconds.
  path: Assets/Prefabs/SM_fence_stand_small.prefab
  artifactKey: Guid(21bd80f4ed903334f8265e141cc4f164) Importer(815301076,1909f56bfc062723c751e8b465ee728b)
Start importing Assets/Prefabs/SM_fence_stand_small.prefab using Guid(21bd80f4ed903334f8265e141cc4f164) Importer(815301076,1909f56bfc062723c751e8b465ee728b)  -> (artifact id: '8934b165373b82ccaf6161a0cf65f24a') in 0.043098 seconds 
  Import took 0.048353 seconds .

========================================================================
Received Import Request.
  Time since last request: 0.000295 seconds.
  path: Assets/Prefabs/HealthPotion.prefab
  artifactKey: Guid(925c0861c5283344aa85ebde0990525c) Importer(815301076,1909f56bfc062723c751e8b465ee728b)
Start importing Assets/Prefabs/HealthPotion.prefab using Guid(925c0861c5283344aa85ebde0990525c) Importer(815301076,1909f56bfc062723c751e8b465ee728b)  -> (artifact id: 'f3d93c7a5b9facc418a4cb47baa426dd') in 0.031064 seconds 
  Import took 0.035540 seconds .

========================================================================
Received Import Request.
  Time since last request: 0.000330 seconds.
  path: Assets/Prefabs/SM_fence_base.prefab
  artifactKey: Guid(6879d9d2a9a87e149b2c8df8c1d358f5) Importer(815301076,1909f56bfc062723c751e8b465ee728b)
Start importing Assets/Prefabs/SM_fence_base.prefab using Guid(6879d9d2a9a87e149b2c8df8c1d358f5) Importer(815301076,1909f56bfc062723c751e8b465ee728b)  -> (artifact id: '768c4e5f1d4d4f248b3ceeefa7c23a57') in 0.022987 seconds 
  Import took 0.027524 seconds .

========================================================================
Received Import Request.
  Time since last request: 0.000265 seconds.
  path: Assets/Prefabs/Block1.prefab
  artifactKey: Guid(ef3d6b62163138843be37c2627c8b57e) Importer(815301076,1909f56bfc062723c751e8b465ee728b)
Start importing Assets/Prefabs/Block1.prefab using Guid(ef3d6b62163138843be37c2627c8b57e) Importer(815301076,1909f56bfc062723c751e8b465ee728b)  -> (artifact id: '5bc56c8598786de18b265c40d4836e9d') in 0.040306 seconds 
  Import took 0.045494 seconds .

========================================================================
Received Prepare
Registering precompiled user dll's ...
Registered in 0.004973 seconds.
Begin MonoManager ReloadAssembly
Native extension for WindowsStandalone target not found
Refreshing native plugins compatible for Editor in 0.61 ms, found 2 plugins.
Preloading 0 native plugins for Editor in 0.00 ms.
Mono: successfully reloaded assembly
- Completed reload, in  1.300 seconds
Domain Reload Profiling:
	ReloadAssembly (1301ms)
		BeginReloadAssembly (137ms)
			ExecutionOrderSort (0ms)
			DisableScriptedObjects (4ms)
			BackupInstance (0ms)
			ReleaseScriptingObjects (0ms)
			CreateAndSetChildDomain (42ms)
		EndReloadAssembly (1083ms)
			LoadAssemblies (110ms)
			RebuildTransferFunctionScriptingTraits (0ms)
			SetupTypeCache (339ms)
			ReleaseScriptCaches (1ms)
			RebuildScriptCaches (49ms)
			SetupLoadedEditorAssemblies (464ms)
				LogAssemblyErrors (0ms)
				InitializePlatformSupportModulesInManaged (4ms)
				SetLoadedEditorAssemblies (0ms)
				RefreshPlugins (1ms)
				BeforeProcessingInitializeOnLoad (88ms)
				ProcessInitializeOnLoadAttributes (358ms)
				ProcessInitializeOnLoadMethodAttributes (4ms)
				AfterProcessingInitializeOnLoad (8ms)
				EditorAssembliesLoaded (0ms)
			ExecutionOrderSort2 (0ms)
			AwakeInstancesAfterBackupRestoration (7ms)
Platform modules already initialized, skipping
Refreshing native plugins compatible for Editor in 0.91 ms, found 2 plugins.
Preloading 0 native plugins for Editor in 0.00 ms.
Unloading 2214 Unused Serialized files (Serialized files now loaded: 0)
System memory in use before: 125.3 MB.
System memory in use after: 125.5 MB.

Unloading 15 unused Assets to reduce memory usage. Loaded Objects now: 2758.
Total: 4.914400 ms (FindLiveObjects: 0.257400 ms CreateObjectMapping: 0.191700 ms MarkObjects: 4.326100 ms  DeleteObjects: 0.138400 ms)

AssetImportParameters requested are different than current active one (requested -> active):
  custom:framework-win-MediaFoundation: 216162199b28c13a410421893ffa2e32 -> 
  custom:video-decoder-ogg-theora: a1e56fd34408186e4bbccfd4996cb3dc -> 
  custom:container-muxer-webm: aa71ff27fc2769a1b78a27578f13a17b -> 
  custom:container-demuxer-webm: 4f35f7cbe854078d1ac9338744f61a02 -> 
  custom:container-demuxer-ogg: 62fdf1f143b41e24485cea50d1cbac27 -> 
  custom:video-encoder-webm-vp8: eb34c28f22e8b96e1ab97ce403110664 -> 
  custom:video-decoder-webm-vp8: 9c59270c3fd7afecdb556c50c9e8de78 -> 
  custom:audio-decoder-ogg-vorbis: bf7c407c2cedff20999df2af8eb42d56 -> 
  custom:audio-encoder-webm-vorbis: bf7c407c2cedff20999df2af8eb42d56 -> 
========================================================================
Received Prepare
Registering precompiled user dll's ...
Registered in 0.004843 seconds.
Begin MonoManager ReloadAssembly
Native extension for WindowsStandalone target not found
Refreshing native plugins compatible for Editor in 0.66 ms, found 2 plugins.
Preloading 0 native plugins for Editor in 0.00 ms.
Mono: successfully reloaded assembly
- Completed reload, in  1.247 seconds
Domain Reload Profiling:
	ReloadAssembly (1247ms)
		BeginReloadAssembly (137ms)
			ExecutionOrderSort (0ms)
			DisableScriptedObjects (4ms)
			BackupInstance (0ms)
			ReleaseScriptingObjects (0ms)
			CreateAndSetChildDomain (38ms)
		EndReloadAssembly (1036ms)
			LoadAssemblies (98ms)
			RebuildTransferFunctionScriptingTraits (0ms)
			SetupTypeCache (314ms)
			ReleaseScriptCaches (1ms)
			RebuildScriptCaches (46ms)
			SetupLoadedEditorAssemblies (440ms)
				LogAssemblyErrors (0ms)
				InitializePlatformSupportModulesInManaged (6ms)
				SetLoadedEditorAssemblies (1ms)
				RefreshPlugins (1ms)
				BeforeProcessingInitializeOnLoad (90ms)
				ProcessInitializeOnLoadAttributes (331ms)
				ProcessInitializeOnLoadMethodAttributes (4ms)
				AfterProcessingInitializeOnLoad (8ms)
				EditorAssembliesLoaded (0ms)
			ExecutionOrderSort2 (0ms)
			AwakeInstancesAfterBackupRestoration (7ms)
Platform modules already initialized, skipping
Refreshing native plugins compatible for Editor in 0.55 ms, found 2 plugins.
Preloading 0 native plugins for Editor in 0.00 ms.
Unloading 2214 Unused Serialized files (Serialized files now loaded: 0)
System memory in use before: 125.4 MB.
System memory in use after: 125.5 MB.

Unloading 15 unused Assets to reduce memory usage. Loaded Objects now: 2760.
Total: 3.839700 ms (FindLiveObjects: 0.233600 ms CreateObjectMapping: 0.095400 ms MarkObjects: 3.395300 ms  DeleteObjects: 0.114400 ms)

AssetImportParameters requested are different than current active one (requested -> active):
  custom:framework-win-MediaFoundation: 216162199b28c13a410421893ffa2e32 -> 
  custom:video-decoder-ogg-theora: a1e56fd34408186e4bbccfd4996cb3dc -> 
  custom:container-muxer-webm: aa71ff27fc2769a1b78a27578f13a17b -> 
  custom:container-demuxer-webm: 4f35f7cbe854078d1ac9338744f61a02 -> 
  custom:container-demuxer-ogg: 62fdf1f143b41e24485cea50d1cbac27 -> 
  custom:video-encoder-webm-vp8: eb34c28f22e8b96e1ab97ce403110664 -> 
  custom:video-decoder-webm-vp8: 9c59270c3fd7afecdb556c50c9e8de78 -> 
  custom:audio-decoder-ogg-vorbis: bf7c407c2cedff20999df2af8eb42d56 -> 
  custom:audio-encoder-webm-vorbis: bf7c407c2cedff20999df2af8eb42d56 -> 
========================================================================
Received Import Request.
  Time since last request: 206.901487 seconds.
  path: Assets/Scripts/PlayerScripts/PlayerController.cs
  artifactKey: Guid(54d5fc7141a20b2478e145d6e651dd6c) Importer(815301076,1909f56bfc062723c751e8b465ee728b)
Start importing Assets/Scripts/PlayerScripts/PlayerController.cs using Guid(54d5fc7141a20b2478e145d6e651dd6c) Importer(815301076,1909f56bfc062723c751e8b465ee728b)  -> (artifact id: '9892c0ca38402fa30c1c80a5a8177875') in 0.010260 seconds 
  Import took 0.014719 seconds .

========================================================================
Received Import Request.
  Time since last request: 0.021261 seconds.
  path: Assets/Scripts/PlayerScripts/PlayerController.cs
  artifactKey: Guid(54d5fc7141a20b2478e145d6e651dd6c) Importer(815301076,1909f56bfc062723c751e8b465ee728b)
Start importing Assets/Scripts/PlayerScripts/PlayerController.cs using Guid(54d5fc7141a20b2478e145d6e651dd6c) Importer(815301076,1909f56bfc062723c751e8b465ee728b)  -> (artifact id: '9892c0ca38402fa30c1c80a5a8177875') in 0.004173 seconds 
  Import took 0.009285 seconds .

========================================================================
Received Import Request.
  Time since last request: 157.785963 seconds.
  path: Assets/ZRNAssets/PQAssets/Query-Chan-SD/Fukuoka_Props/Human/Models/Human_Female_A.fbx
  artifactKey: Guid(024b9104ea67fd247a53202686fb2afb) Importer(815301076,1909f56bfc062723c751e8b465ee728b)
Start importing Assets/ZRNAssets/PQAssets/Query-Chan-SD/Fukuoka_Props/Human/Models/Human_Female_A.fbx using Guid(024b9104ea67fd247a53202686fb2afb) Importer(815301076,1909f56bfc062723c751e8b465ee728b)  -> (artifact id: '94245c048075b06584447ee1bcb621a5') in 0.101084 seconds 
  Import took 0.105855 seconds .

========================================================================
Received Import Request.
  Time since last request: 0.000322 seconds.
  path: Assets/Simple Street Props/Textures/Blue waste bin diffuse 1k.png
  artifactKey: Guid(2f3f5ed14097ad7419463d89b7024fa3) Importer(815301076,1909f56bfc062723c751e8b465ee728b)
Start importing Assets/Simple Street Props/Textures/Blue waste bin diffuse 1k.png using Guid(2f3f5ed14097ad7419463d89b7024fa3) Importer(815301076,1909f56bfc062723c751e8b465ee728b)  -> (artifact id: 'e909f5df8f5703cf9b6c7fbf24223b44') in 0.022558 seconds 
  Import took 0.026083 seconds .

========================================================================
Received Import Request.
  Time since last request: 0.000311 seconds.
  path: Assets/Art/Characters/Idle.fbm/Ch06_1001_Glossiness.png
  artifactKey: Guid(241e3492318b78e4b9cc167c3ab107ef) Importer(815301076,1909f56bfc062723c751e8b465ee728b)
Start importing Assets/Art/Characters/Idle.fbm/Ch06_1001_Glossiness.png using Guid(241e3492318b78e4b9cc167c3ab107ef) Importer(815301076,1909f56bfc062723c751e8b465ee728b)  -> (artifact id: 'f505cd28a5d3003e0186db40280aef72') in 0.042160 seconds 
  Import took 0.046928 seconds .

========================================================================
Received Import Request.
  Time since last request: 0.000263 seconds.
  path: Assets/Art/Characters/Idle.fbm/Ch06_1002_Glossiness.png
  artifactKey: Guid(b156866ac0e6adf4f8bcaad1d8c456d2) Importer(815301076,1909f56bfc062723c751e8b465ee728b)
Start importing Assets/Art/Characters/Idle.fbm/Ch06_1002_Glossiness.png using Guid(b156866ac0e6adf4f8bcaad1d8c456d2) Importer(815301076,1909f56bfc062723c751e8b465ee728b)  -> (artifact id: '7326c47e487e84134f90a449dd8d2e35') in 0.032992 seconds 
  Import took 0.037229 seconds .

========================================================================
Received Import Request.
  Time since last request: 0.000339 seconds.
  path: Assets/ZRNAssets/PQAssets/Query-Chan-SD/Fukuoka_Props/Human/Models/Human_Male_A.fbx
  artifactKey: Guid(008cb863561aecb46b7a5da59aeb0fa5) Importer(815301076,1909f56bfc062723c751e8b465ee728b)
Start importing Assets/ZRNAssets/PQAssets/Query-Chan-SD/Fukuoka_Props/Human/Models/Human_Male_A.fbx using Guid(008cb863561aecb46b7a5da59aeb0fa5) Importer(815301076,1909f56bfc062723c751e8b465ee728b)  -> (artifact id: '9bee2587a4c6d204584c9243f11d6b30') in 0.042806 seconds 
  Import took 0.047551 seconds .

========================================================================
Received Import Request.
  Time since last request: 0.000266 seconds.
  path: Assets/Simple Street Props/Models/Blue waste bin.fbx
  artifactKey: Guid(3f8efce555e3e2d4d929bad74b8308c1) Importer(815301076,1909f56bfc062723c751e8b465ee728b)
Start importing Assets/Simple Street Props/Models/Blue waste bin.fbx using Guid(3f8efce555e3e2d4d929bad74b8308c1) Importer(815301076,1909f56bfc062723c751e8b465ee728b)  -> (artifact id: '8f0257b533d742b3f4137aaee4652da9') in 0.035794 seconds 
  Import took 0.039637 seconds .

========================================================================
Received Import Request.
  Time since last request: 0.000264 seconds.
  path: Assets/Simple Street Props/Textures/Blue waste bin roughness 2k.png
  artifactKey: Guid(52e6b5e3fe96aba49862d62652a768ef) Importer(815301076,1909f56bfc062723c751e8b465ee728b)
Start importing Assets/Simple Street Props/Textures/Blue waste bin roughness 2k.png using Guid(52e6b5e3fe96aba49862d62652a768ef) Importer(815301076,1909f56bfc062723c751e8b465ee728b)  -> (artifact id: '9ac13c59592073201faaddfea95d83cf') in 0.029123 seconds 
  Import took 0.034095 seconds .

========================================================================
Received Import Request.
  Time since last request: 0.000250 seconds.
  path: Assets/Data/PlayerInputActions.inputactions
  artifactKey: Guid(4c48108f9eb1b864b8f98c68aa0fc392) Importer(815301076,1909f56bfc062723c751e8b465ee728b)
Start importing Assets/Data/PlayerInputActions.inputactions using Guid(4c48108f9eb1b864b8f98c68aa0fc392) Importer(815301076,1909f56bfc062723c751e8b465ee728b)  -> (artifact id: '03776353de5b1680237c0256e9d3af7a') in 0.019328 seconds 
  Import took 0.024115 seconds .

========================================================================
Received Import Request.
  Time since last request: 0.000262 seconds.
  path: Assets/ZRNAssets/PQAssets/Query-Chan-SD/Fukuoka_Props/Chouchin/Models/Chouchin_A.fbx
  artifactKey: Guid(bd68865e08e2f9a4db9194f30646f4cc) Importer(815301076,1909f56bfc062723c751e8b465ee728b)
Start importing Assets/ZRNAssets/PQAssets/Query-Chan-SD/Fukuoka_Props/Chouchin/Models/Chouchin_A.fbx using Guid(bd68865e08e2f9a4db9194f30646f4cc) Importer(815301076,1909f56bfc062723c751e8b465ee728b)  -> (artifact id: '5ac76774e582ad47ca838412f075e111') in 0.025451 seconds 
  Import took 0.029631 seconds .

========================================================================
Received Import Request.
  Time since last request: 0.000241 seconds.
  path: Assets/Art/Characters/James.fbm/Ch06_1001_Glossiness.png
  artifactKey: Guid(d59450f293911824dafb20948bda9846) Importer(815301076,1909f56bfc062723c751e8b465ee728b)
Start importing Assets/Art/Characters/James.fbm/Ch06_1001_Glossiness.png using Guid(d59450f293911824dafb20948bda9846) Importer(815301076,1909f56bfc062723c751e8b465ee728b)  -> (artifact id: '63a4f85be75797782c147b76a6860358') in 0.013593 seconds 
  Import took 0.018296 seconds .

========================================================================
Received Import Request.
  Time since last request: 0.000228 seconds.
  path: Assets/Art/Characters/Marshal/Marshal.fbm/Ch18_1001_Glossiness.png
  artifactKey: Guid(3ddd39e41fb901d4587ba951fb9b44f9) Importer(815301076,1909f56bfc062723c751e8b465ee728b)
Start importing Assets/Art/Characters/Marshal/Marshal.fbm/Ch18_1001_Glossiness.png using Guid(3ddd39e41fb901d4587ba951fb9b44f9) Importer(815301076,1909f56bfc062723c751e8b465ee728b)  -> (artifact id: '367f9c66eacb8cb84c52ec9578d3ca1f') in 0.030028 seconds 
  Import took 0.034363 seconds .

========================================================================
Received Import Request.
  Time since last request: 0.000250 seconds.
  path: Assets/ZRNAssets/005030_06196_1_1/Models/Fukuoka_Prop.fbx
  artifactKey: Guid(1fb89ad8ccae81c4fa46bb517e5a209d) Importer(815301076,1909f56bfc062723c751e8b465ee728b)
Start importing Assets/ZRNAssets/005030_06196_1_1/Models/Fukuoka_Prop.fbx using Guid(1fb89ad8ccae81c4fa46bb517e5a209d) Importer(815301076,1909f56bfc062723c751e8b465ee728b)  -> (artifact id: 'db2b9107abe31e61361aa10c2092ece5') in 0.508455 seconds 
  Import took 0.515759 seconds .

========================================================================
Received Import Request.
  Time since last request: 0.000263 seconds.
  path: Assets/Art/Characters/James.fbm/Ch06_1002_Glossiness.png
  artifactKey: Guid(315da18ce860f1b41b706bbd8f43da4a) Importer(815301076,1909f56bfc062723c751e8b465ee728b)
Start importing Assets/Art/Characters/James.fbm/Ch06_1002_Glossiness.png using Guid(315da18ce860f1b41b706bbd8f43da4a) Importer(815301076,1909f56bfc062723c751e8b465ee728b)  -> (artifact id: '8d0282540e5269e08b6de3d0baa04a5c') in 0.013705 seconds 
  Import took 0.018009 seconds .

========================================================================
Received Import Request.
  Time since last request: 0.000398 seconds.
  path: Assets/ZRNAssets/PQAssets/Query-Chan-SD/Fukuoka_Props/Chouchin/Models/Chouchin_D.fbx
  artifactKey: Guid(5a1bcb0eb9d80414f8a3cf375ac29307) Importer(815301076,1909f56bfc062723c751e8b465ee728b)
Start importing Assets/ZRNAssets/PQAssets/Query-Chan-SD/Fukuoka_Props/Chouchin/Models/Chouchin_D.fbx using Guid(5a1bcb0eb9d80414f8a3cf375ac29307) Importer(815301076,1909f56bfc062723c751e8b465ee728b)  -> (artifact id: 'ac719bc0709164f2f0837d2fbe0c7529') in 0.024247 seconds 
  Import took 0.028367 seconds .

========================================================================
Received Import Request.
  Time since last request: 0.000322 seconds.
  path: Assets/ZRNAssets/PQAssets/Query-Chan-SD/Fukuoka_Props/Chouchin/Models/Chouchin_C.fbx
  artifactKey: Guid(909918e2c600981488d998bef4593a32) Importer(815301076,1909f56bfc062723c751e8b465ee728b)
Start importing Assets/ZRNAssets/PQAssets/Query-Chan-SD/Fukuoka_Props/Chouchin/Models/Chouchin_C.fbx using Guid(909918e2c600981488d998bef4593a32) Importer(815301076,1909f56bfc062723c751e8b465ee728b)  -> (artifact id: '6823b0faee7fb19f9002c454a4263824') in 0.027570 seconds 
  Import took 0.032329 seconds .

========================================================================
Received Import Request.
  Time since last request: 0.000381 seconds.
  path: Assets/ZRNAssets/PQAssets/Query-Chan-SD/Fukuoka_Props/Chouchin/Models/Chouchin_B.fbx
  artifactKey: Guid(ab4866c4184218b408aacf526e2609cc) Importer(815301076,1909f56bfc062723c751e8b465ee728b)
Start importing Assets/ZRNAssets/PQAssets/Query-Chan-SD/Fukuoka_Props/Chouchin/Models/Chouchin_B.fbx using Guid(ab4866c4184218b408aacf526e2609cc) Importer(815301076,1909f56bfc062723c751e8b465ee728b)  -> (artifact id: '583ee61b8c397c50c22241603aabfa56') in 0.023002 seconds 
  Import took 0.027198 seconds .

========================================================================
Received Import Request.
  Time since last request: 0.000275 seconds.
  path: Assets/Simple Street Props/Prefabs/Blue waste bin.prefab
  artifactKey: Guid(2e2f19559c08573489c22b00bdc4c002) Importer(815301076,1909f56bfc062723c751e8b465ee728b)
Start importing Assets/Simple Street Props/Prefabs/Blue waste bin.prefab using Guid(2e2f19559c08573489c22b00bdc4c002) Importer(815301076,1909f56bfc062723c751e8b465ee728b)  -> (artifact id: 'ab4d3fed74054347716d38ec1b05d24d') in 0.020672 seconds 
  Import took 0.025780 seconds .

========================================================================
Received Import Request.
  Time since last request: 0.000321 seconds.
  path: Assets/Simple Street Props/Textures/Blue waste bin 2k_normal.png
  artifactKey: Guid(9c35fe57011f19541a86b7ef469ac15e) Importer(815301076,1909f56bfc062723c751e8b465ee728b)
Start importing Assets/Simple Street Props/Textures/Blue waste bin 2k_normal.png using Guid(9c35fe57011f19541a86b7ef469ac15e) Importer(815301076,1909f56bfc062723c751e8b465ee728b)  -> (artifact id: '33da20ac060331392eaeafe36ba78f1d') in 0.017768 seconds 
  Import took 0.022595 seconds .

========================================================================
Received Import Request.
  Time since last request: 0.000219 seconds.
  path: Assets/Simple Street Props/Materials/Blue waste bin diffuse 1k.mat
  artifactKey: Guid(0b6d05f7c6af95142b7ac4deac2b3a8e) Importer(815301076,1909f56bfc062723c751e8b465ee728b)
Start importing Assets/Simple Street Props/Materials/Blue waste bin diffuse 1k.mat using Guid(0b6d05f7c6af95142b7ac4deac2b3a8e) Importer(815301076,1909f56bfc062723c751e8b465ee728b)  -> (artifact id: 'fa5035548822949c01d6e8e273f41ebd') in 0.028826 seconds 
  Import took 0.033118 seconds .

========================================================================
Received Import Request.
  Time since last request: 4.142071 seconds.
  path: Assets/Scripts/UIScripts/InventoryComponent.cs
  artifactKey: Guid(a06e1e07e24948f429413a16de31ae3b) Importer(815301076,1909f56bfc062723c751e8b465ee728b)
Start importing Assets/Scripts/UIScripts/InventoryComponent.cs using Guid(a06e1e07e24948f429413a16de31ae3b) Importer(815301076,1909f56bfc062723c751e8b465ee728b)  -> (artifact id: '611e46cd56095b542455689935d85305') in 0.008792 seconds 
  Import took 0.012988 seconds .

========================================================================
Received Import Request.
  Time since last request: 0.004912 seconds.
  path: Assets/Scripts/UIScripts/InventoryComponent.cs
  artifactKey: Guid(a06e1e07e24948f429413a16de31ae3b) Importer(815301076,1909f56bfc062723c751e8b465ee728b)
Start importing Assets/Scripts/UIScripts/InventoryComponent.cs using Guid(a06e1e07e24948f429413a16de31ae3b) Importer(815301076,1909f56bfc062723c751e8b465ee728b)  -> (artifact id: '611e46cd56095b542455689935d85305') in 0.010696 seconds 
  Import took 0.015532 seconds .

========================================================================
Received Import Request.
  Time since last request: 3.432248 seconds.
  path: Assets/Scripts/UIScripts/InventoryCanvas.cs
  artifactKey: Guid(a9ec87caa9e9cba4ab337ad74ce2fb8c) Importer(815301076,1909f56bfc062723c751e8b465ee728b)
Start importing Assets/Scripts/UIScripts/InventoryCanvas.cs using Guid(a9ec87caa9e9cba4ab337ad74ce2fb8c) Importer(815301076,1909f56bfc062723c751e8b465ee728b)  -> (artifact id: '0eabcc9493ac33fb224c4ef45b5eea67') in 0.008867 seconds 
  Import took 0.013190 seconds .

========================================================================
Received Prepare
Registering precompiled user dll's ...
Registered in 0.004857 seconds.
Begin MonoManager ReloadAssembly
Native extension for WindowsStandalone target not found
Refreshing native plugins compatible for Editor in 0.54 ms, found 2 plugins.
Preloading 0 native plugins for Editor in 0.00 ms.
Mono: successfully reloaded assembly
- Completed reload, in  1.222 seconds
Domain Reload Profiling:
	ReloadAssembly (1222ms)
		BeginReloadAssembly (137ms)
			ExecutionOrderSort (0ms)
			DisableScriptedObjects (4ms)
			BackupInstance (0ms)
			ReleaseScriptingObjects (0ms)
			CreateAndSetChildDomain (34ms)
		EndReloadAssembly (1021ms)
			LoadAssemblies (115ms)
			RebuildTransferFunctionScriptingTraits (0ms)
			SetupTypeCache (320ms)
			ReleaseScriptCaches (1ms)
			RebuildScriptCaches (42ms)
			SetupLoadedEditorAssemblies (453ms)
				LogAssemblyErrors (0ms)
				InitializePlatformSupportModulesInManaged (4ms)
				SetLoadedEditorAssemblies (0ms)
				RefreshPlugins (1ms)
				BeforeProcessingInitializeOnLoad (80ms)
				ProcessInitializeOnLoadAttributes (356ms)
				ProcessInitializeOnLoadMethodAttributes (4ms)
				AfterProcessingInitializeOnLoad (8ms)
				EditorAssembliesLoaded (0ms)
			ExecutionOrderSort2 (0ms)
			AwakeInstancesAfterBackupRestoration (7ms)
Platform modules already initialized, skipping
Refreshing native plugins compatible for Editor in 0.58 ms, found 2 plugins.
Preloading 0 native plugins for Editor in 0.00 ms.
Unloading 2214 Unused Serialized files (Serialized files now loaded: 0)
System memory in use before: 125.6 MB.
System memory in use after: 125.7 MB.

Unloading 15 unused Assets to reduce memory usage. Loaded Objects now: 2766.
Total: 3.301900 ms (FindLiveObjects: 0.215500 ms CreateObjectMapping: 0.101700 ms MarkObjects: 2.831800 ms  DeleteObjects: 0.152200 ms)

AssetImportParameters requested are different than current active one (requested -> active):
  custom:framework-win-MediaFoundation: 216162199b28c13a410421893ffa2e32 -> 
  custom:video-decoder-ogg-theora: a1e56fd34408186e4bbccfd4996cb3dc -> 
  custom:container-muxer-webm: aa71ff27fc2769a1b78a27578f13a17b -> 
  custom:container-demuxer-webm: 4f35f7cbe854078d1ac9338744f61a02 -> 
  custom:container-demuxer-ogg: 62fdf1f143b41e24485cea50d1cbac27 -> 
  custom:video-encoder-webm-vp8: eb34c28f22e8b96e1ab97ce403110664 -> 
  custom:video-decoder-webm-vp8: 9c59270c3fd7afecdb556c50c9e8de78 -> 
  custom:audio-decoder-ogg-vorbis: bf7c407c2cedff20999df2af8eb42d56 -> 
  custom:audio-encoder-webm-vorbis: bf7c407c2cedff20999df2af8eb42d56 -> 
========================================================================
Received Import Request.
  Time since last request: 411.820844 seconds.
  path: Assets/Scripts/Scriptable Objects/EquippableScriptable.cs
  artifactKey: Guid(b68588ac853d6b242b4f89735c923305) Importer(815301076,1909f56bfc062723c751e8b465ee728b)
Start importing Assets/Scripts/Scriptable Objects/EquippableScriptable.cs using Guid(b68588ac853d6b242b4f89735c923305) Importer(815301076,1909f56bfc062723c751e8b465ee728b)  -> (artifact id: 'da2e14dc222410e2ef1069e786c7005f') in 0.009789 seconds 
  Import took 0.013275 seconds .

========================================================================
Received Prepare
Registering precompiled user dll's ...
Registered in 0.006604 seconds.
Begin MonoManager ReloadAssembly
Native extension for WindowsStandalone target not found
Refreshing native plugins compatible for Editor in 0.52 ms, found 2 plugins.
Preloading 0 native plugins for Editor in 0.00 ms.
Mono: successfully reloaded assembly
- Completed reload, in  1.283 seconds
Domain Reload Profiling:
	ReloadAssembly (1283ms)
		BeginReloadAssembly (127ms)
			ExecutionOrderSort (0ms)
			DisableScriptedObjects (5ms)
			BackupInstance (0ms)
			ReleaseScriptingObjects (0ms)
			CreateAndSetChildDomain (35ms)
		EndReloadAssembly (1077ms)
			LoadAssemblies (103ms)
			RebuildTransferFunctionScriptingTraits (0ms)
			SetupTypeCache (344ms)
			ReleaseScriptCaches (1ms)
			RebuildScriptCaches (46ms)
			SetupLoadedEditorAssemblies (472ms)
				LogAssemblyErrors (0ms)
				InitializePlatformSupportModulesInManaged (4ms)
				SetLoadedEditorAssemblies (0ms)
				RefreshPlugins (1ms)
				BeforeProcessingInitializeOnLoad (84ms)
				ProcessInitializeOnLoadAttributes (371ms)
				ProcessInitializeOnLoadMethodAttributes (4ms)
				AfterProcessingInitializeOnLoad (8ms)
				EditorAssembliesLoaded (0ms)
			ExecutionOrderSort2 (0ms)
			AwakeInstancesAfterBackupRestoration (7ms)
Platform modules already initialized, skipping
Refreshing native plugins compatible for Editor in 0.61 ms, found 2 plugins.
Preloading 0 native plugins for Editor in 0.00 ms.
Unloading 2214 Unused Serialized files (Serialized files now loaded: 0)
System memory in use before: 125.7 MB.
System memory in use after: 125.8 MB.

Unloading 15 unused Assets to reduce memory usage. Loaded Objects now: 2768.
Total: 4.669600 ms (FindLiveObjects: 0.974500 ms CreateObjectMapping: 0.225700 ms MarkObjects: 3.320500 ms  DeleteObjects: 0.147500 ms)

AssetImportParameters requested are different than current active one (requested -> active):
  custom:framework-win-MediaFoundation: 216162199b28c13a410421893ffa2e32 -> 
  custom:video-decoder-ogg-theora: a1e56fd34408186e4bbccfd4996cb3dc -> 
  custom:container-muxer-webm: aa71ff27fc2769a1b78a27578f13a17b -> 
  custom:container-demuxer-webm: 4f35f7cbe854078d1ac9338744f61a02 -> 
  custom:container-demuxer-ogg: 62fdf1f143b41e24485cea50d1cbac27 -> 
  custom:video-encoder-webm-vp8: eb34c28f22e8b96e1ab97ce403110664 -> 
  custom:video-decoder-webm-vp8: 9c59270c3fd7afecdb556c50c9e8de78 -> 
  custom:audio-decoder-ogg-vorbis: bf7c407c2cedff20999df2af8eb42d56 -> 
  custom:audio-encoder-webm-vorbis: bf7c407c2cedff20999df2af8eb42d56 -> 
========================================================================
Received Prepare
Registering precompiled user dll's ...
Registered in 0.010432 seconds.
Begin MonoManager ReloadAssembly
Native extension for WindowsStandalone target not found
Refreshing native plugins compatible for Editor in 0.67 ms, found 2 plugins.
Preloading 0 native plugins for Editor in 0.00 ms.
Mono: successfully reloaded assembly
- Completed reload, in  1.261 seconds
Domain Reload Profiling:
	ReloadAssembly (1261ms)
		BeginReloadAssembly (132ms)
			ExecutionOrderSort (0ms)
			DisableScriptedObjects (5ms)
			BackupInstance (0ms)
			ReleaseScriptingObjects (0ms)
			CreateAndSetChildDomain (39ms)
		EndReloadAssembly (1054ms)
			LoadAssemblies (102ms)
			RebuildTransferFunctionScriptingTraits (0ms)
			SetupTypeCache (330ms)
			ReleaseScriptCaches (1ms)
			RebuildScriptCaches (58ms)
			SetupLoadedEditorAssemblies (446ms)
				LogAssemblyErrors (0ms)
				InitializePlatformSupportModulesInManaged (4ms)
				SetLoadedEditorAssemblies (0ms)
				RefreshPlugins (1ms)
				BeforeProcessingInitializeOnLoad (85ms)
				ProcessInitializeOnLoadAttributes (342ms)
				ProcessInitializeOnLoadMethodAttributes (5ms)
				AfterProcessingInitializeOnLoad (8ms)
				EditorAssembliesLoaded (0ms)
			ExecutionOrderSort2 (0ms)
			AwakeInstancesAfterBackupRestoration (7ms)
Platform modules already initialized, skipping
Refreshing native plugins compatible for Editor in 0.62 ms, found 2 plugins.
Preloading 0 native plugins for Editor in 0.00 ms.
Unloading 2214 Unused Serialized files (Serialized files now loaded: 0)
System memory in use before: 125.7 MB.
System memory in use after: 125.8 MB.

Unloading 15 unused Assets to reduce memory usage. Loaded Objects now: 2770.
Total: 3.909900 ms (FindLiveObjects: 0.250100 ms CreateObjectMapping: 0.110500 ms MarkObjects: 3.413200 ms  DeleteObjects: 0.135200 ms)

AssetImportParameters requested are different than current active one (requested -> active):
  custom:framework-win-MediaFoundation: 216162199b28c13a410421893ffa2e32 -> 
  custom:video-decoder-ogg-theora: a1e56fd34408186e4bbccfd4996cb3dc -> 
  custom:container-muxer-webm: aa71ff27fc2769a1b78a27578f13a17b -> 
  custom:container-demuxer-webm: 4f35f7cbe854078d1ac9338744f61a02 -> 
  custom:container-demuxer-ogg: 62fdf1f143b41e24485cea50d1cbac27 -> 
  custom:video-encoder-webm-vp8: eb34c28f22e8b96e1ab97ce403110664 -> 
  custom:video-decoder-webm-vp8: 9c59270c3fd7afecdb556c50c9e8de78 -> 
  custom:audio-decoder-ogg-vorbis: bf7c407c2cedff20999df2af8eb42d56 -> 
  custom:audio-encoder-webm-vorbis: bf7c407c2cedff20999df2af8eb42d56 -> 
========================================================================
Received Prepare
Registering precompiled user dll's ...
Registered in 0.004642 seconds.
Begin MonoManager ReloadAssembly
Native extension for WindowsStandalone target not found
Refreshing native plugins compatible for Editor in 0.56 ms, found 2 plugins.
Preloading 0 native plugins for Editor in 0.00 ms.
Mono: successfully reloaded assembly
- Completed reload, in  1.169 seconds
Domain Reload Profiling:
	ReloadAssembly (1170ms)
		BeginReloadAssembly (125ms)
			ExecutionOrderSort (0ms)
			DisableScriptedObjects (5ms)
			BackupInstance (0ms)
			ReleaseScriptingObjects (0ms)
			CreateAndSetChildDomain (33ms)
		EndReloadAssembly (973ms)
			LoadAssemblies (97ms)
			RebuildTransferFunctionScriptingTraits (0ms)
			SetupTypeCache (300ms)
			ReleaseScriptCaches (1ms)
			RebuildScriptCaches (41ms)
			SetupLoadedEditorAssemblies (419ms)
				LogAssemblyErrors (0ms)
				InitializePlatformSupportModulesInManaged (4ms)
				SetLoadedEditorAssemblies (0ms)
				RefreshPlugins (1ms)
				BeforeProcessingInitializeOnLoad (77ms)
				ProcessInitializeOnLoadAttributes (325ms)
				ProcessInitializeOnLoadMethodAttributes (4ms)
				AfterProcessingInitializeOnLoad (7ms)
				EditorAssembliesLoaded (0ms)
			ExecutionOrderSort2 (0ms)
			AwakeInstancesAfterBackupRestoration (7ms)
Platform modules already initialized, skipping
Refreshing native plugins compatible for Editor in 0.55 ms, found 2 plugins.
Preloading 0 native plugins for Editor in 0.00 ms.
Unloading 2214 Unused Serialized files (Serialized files now loaded: 0)
System memory in use before: 125.6 MB.
System memory in use after: 125.8 MB.

Unloading 15 unused Assets to reduce memory usage. Loaded Objects now: 2772.
Total: 3.555200 ms (FindLiveObjects: 0.232700 ms CreateObjectMapping: 0.101400 ms MarkObjects: 3.089000 ms  DeleteObjects: 0.131300 ms)

AssetImportParameters requested are different than current active one (requested -> active):
  custom:framework-win-MediaFoundation: 216162199b28c13a410421893ffa2e32 -> 
  custom:video-decoder-ogg-theora: a1e56fd34408186e4bbccfd4996cb3dc -> 
  custom:container-muxer-webm: aa71ff27fc2769a1b78a27578f13a17b -> 
  custom:container-demuxer-webm: 4f35f7cbe854078d1ac9338744f61a02 -> 
  custom:container-demuxer-ogg: 62fdf1f143b41e24485cea50d1cbac27 -> 
  custom:video-encoder-webm-vp8: eb34c28f22e8b96e1ab97ce403110664 -> 
  custom:video-decoder-webm-vp8: 9c59270c3fd7afecdb556c50c9e8de78 -> 
  custom:audio-decoder-ogg-vorbis: bf7c407c2cedff20999df2af8eb42d56 -> 
  custom:audio-encoder-webm-vorbis: bf7c407c2cedff20999df2af8eb42d56 -> 
========================================================================
Received Prepare
Registering precompiled user dll's ...
Registered in 0.005045 seconds.
Begin MonoManager ReloadAssembly
Native extension for WindowsStandalone target not found
Refreshing native plugins compatible for Editor in 0.52 ms, found 2 plugins.
Preloading 0 native plugins for Editor in 0.00 ms.
Mono: successfully reloaded assembly
- Completed reload, in  1.240 seconds
Domain Reload Profiling:
	ReloadAssembly (1240ms)
		BeginReloadAssembly (126ms)
			ExecutionOrderSort (0ms)
			DisableScriptedObjects (5ms)
			BackupInstance (0ms)
			ReleaseScriptingObjects (0ms)
			CreateAndSetChildDomain (33ms)
		EndReloadAssembly (1042ms)
			LoadAssemblies (108ms)
			RebuildTransferFunctionScriptingTraits (0ms)
			SetupTypeCache (324ms)
			ReleaseScriptCaches (1ms)
			RebuildScriptCaches (43ms)
			SetupLoadedEditorAssemblies (454ms)
				LogAssemblyErrors (0ms)
				InitializePlatformSupportModulesInManaged (4ms)
				SetLoadedEditorAssemblies (1ms)
				RefreshPlugins (1ms)
				BeforeProcessingInitializeOnLoad (92ms)
				ProcessInitializeOnLoadAttributes (344ms)
				ProcessInitializeOnLoadMethodAttributes (4ms)
				AfterProcessingInitializeOnLoad (8ms)
				EditorAssembliesLoaded (0ms)
			ExecutionOrderSort2 (0ms)
			AwakeInstancesAfterBackupRestoration (7ms)
Platform modules already initialized, skipping
Refreshing native plugins compatible for Editor in 0.58 ms, found 2 plugins.
Preloading 0 native plugins for Editor in 0.00 ms.
Unloading 2214 Unused Serialized files (Serialized files now loaded: 0)
System memory in use before: 125.7 MB.
System memory in use after: 125.8 MB.

Unloading 15 unused Assets to reduce memory usage. Loaded Objects now: 2774.
Total: 3.917200 ms (FindLiveObjects: 0.326100 ms CreateObjectMapping: 0.110700 ms MarkObjects: 3.340100 ms  DeleteObjects: 0.139500 ms)

AssetImportParameters requested are different than current active one (requested -> active):
  custom:framework-win-MediaFoundation: 216162199b28c13a410421893ffa2e32 -> 
  custom:video-decoder-ogg-theora: a1e56fd34408186e4bbccfd4996cb3dc -> 
  custom:container-muxer-webm: aa71ff27fc2769a1b78a27578f13a17b -> 
  custom:container-demuxer-webm: 4f35f7cbe854078d1ac9338744f61a02 -> 
  custom:container-demuxer-ogg: 62fdf1f143b41e24485cea50d1cbac27 -> 
  custom:video-encoder-webm-vp8: eb34c28f22e8b96e1ab97ce403110664 -> 
  custom:video-decoder-webm-vp8: 9c59270c3fd7afecdb556c50c9e8de78 -> 
  custom:audio-decoder-ogg-vorbis: bf7c407c2cedff20999df2af8eb42d56 -> 
  custom:audio-encoder-webm-vorbis: bf7c407c2cedff20999df2af8eb42d56 -> 
========================================================================
Received Import Request.
  Time since last request: 860.068749 seconds.
  path: Assets/Scripts/Scriptable Objects/AK-47.asset
  artifactKey: Guid(0737576806bd53b49b5b13573ba4702c) Importer(815301076,1909f56bfc062723c751e8b465ee728b)
Start importing Assets/Scripts/Scriptable Objects/AK-47.asset using Guid(0737576806bd53b49b5b13573ba4702c) Importer(815301076,1909f56bfc062723c751e8b465ee728b)  -> (artifact id: '5679442cb4ff7bde80ecd7971050fae8') in 0.035597 seconds 
  Import took 0.039927 seconds .

========================================================================
Received Import Request.
  Time since last request: 0.011074 seconds.
  path: Assets/Scripts/Scriptable Objects/AK-47.asset
  artifactKey: Guid(0737576806bd53b49b5b13573ba4702c) Importer(815301076,1909f56bfc062723c751e8b465ee728b)
Start importing Assets/Scripts/Scriptable Objects/AK-47.asset using Guid(0737576806bd53b49b5b13573ba4702c) Importer(815301076,1909f56bfc062723c751e8b465ee728b)  -> (artifact id: '5679442cb4ff7bde80ecd7971050fae8') in 0.008382 seconds 
  Import took 0.013114 seconds .

AssetImportWorkerClient::OnTransportError - code=2 error=End of file
